/home/elessar/russ_ws/ws7/install/ur_description/lib/python3.10/site-packages/ur_description/__init__.py
/home/elessar/russ_ws/ws7/install/ur_description/lib/python3.10/site-packages/ur_description/__pycache__/__init__.cpython-310.pyc
/home/elessar/russ_ws/ws7/install/ur_description/share/ament_index/resource_index/packages/ur_description
/home/elessar/russ_ws/ws7/install/ur_description/share/ur_description/package.xml
/home/elessar/russ_ws/ws7/install/ur_description/share/ur_description/urdf/ur.urdf
/home/elessar/russ_ws/ws7/install/ur_description/share/ur_description/world/Painter2_world.world
/home/elessar/russ_ws/ws7/install/ur_description/share/ur_description/world/my_POPY_world.world
/home/elessar/russ_ws/ws7/install/ur_description/share/ur_description/world/my_chess_world.world
/home/elessar/russ_ws/ws7/install/ur_description/share/ur_description/world/Painter_world.world
/home/elessar/russ_ws/ws7/install/ur_description/share/ur_description/world/my_chess_world_5.world
/home/elessar/russ_ws/ws7/install/ur_description/share/ur_description/world/my_chess_world_3.world
/home/elessar/russ_ws/ws7/install/ur_description/share/ur_description/world/Painter2_world_high.world
/home/elessar/russ_ws/ws7/install/ur_description/share/ur_description/world/my_chess_world_2.world
/home/elessar/russ_ws/ws7/install/ur_description/share/ur_description/world/fishbot.world
/home/elessar/russ_ws/ws7/install/ur_description/share/ur_description/world/my_chess_world_4.world
/home/elessar/russ_ws/ws7/install/ur_description/share/ur_description/world/Painter2_world_middle.world
/home/elessar/russ_ws/ws7/install/ur_description/lib/python3.10/site-packages/ur_description-0.0.0-py3.10.egg-info/zip-safe
/home/elessar/russ_ws/ws7/install/ur_description/lib/python3.10/site-packages/ur_description-0.0.0-py3.10.egg-info/requires.txt
/home/elessar/russ_ws/ws7/install/ur_description/lib/python3.10/site-packages/ur_description-0.0.0-py3.10.egg-info/PKG-INFO
/home/elessar/russ_ws/ws7/install/ur_description/lib/python3.10/site-packages/ur_description-0.0.0-py3.10.egg-info/dependency_links.txt
/home/elessar/russ_ws/ws7/install/ur_description/lib/python3.10/site-packages/ur_description-0.0.0-py3.10.egg-info/top_level.txt
/home/elessar/russ_ws/ws7/install/ur_description/lib/python3.10/site-packages/ur_description-0.0.0-py3.10.egg-info/entry_points.txt
/home/elessar/russ_ws/ws7/install/ur_description/lib/python3.10/site-packages/ur_description-0.0.0-py3.10.egg-info/SOURCES.txt
