/home/elessar/russ_ws/ws7/install/opencv_description/lib/python3.10/site-packages/opencv_description/open3d_test_unit_2.py
/home/elessar/russ_ws/ws7/install/opencv_description/lib/python3.10/site-packages/opencv_description/open3d_test_unit_1.py
/home/elessar/russ_ws/ws7/install/opencv_description/lib/python3.10/site-packages/opencv_description/opencv_match.py
/home/elessar/russ_ws/ws7/install/opencv_description/lib/python3.10/site-packages/opencv_description/opencv_test.py
/home/elessar/russ_ws/ws7/install/opencv_description/lib/python3.10/site-packages/opencv_description/joint_trajectory_test_1.py
/home/elessar/russ_ws/ws7/install/opencv_description/lib/python3.10/site-packages/opencv_description/__init__.py
/home/elessar/russ_ws/ws7/install/opencv_description/lib/python3.10/site-packages/opencv_description/ikine_test_2.py
/home/elessar/russ_ws/ws7/install/opencv_description/lib/python3.10/site-packages/opencv_description/ikine_test_1.py
/home/elessar/russ_ws/ws7/install/opencv_description/lib/python3.10/site-packages/opencv_description/opencv_calibration_test.py
/home/elessar/russ_ws/ws7/install/opencv_description/lib/python3.10/site-packages/opencv_description/pointcloud2_test.py
/home/elessar/russ_ws/ws7/install/opencv_description/lib/python3.10/site-packages/opencv_description/__pycache__/open3d_test_unit_2.cpython-310.pyc
/home/elessar/russ_ws/ws7/install/opencv_description/lib/python3.10/site-packages/opencv_description/__pycache__/open3d_test_unit_1.cpython-310.pyc
/home/elessar/russ_ws/ws7/install/opencv_description/lib/python3.10/site-packages/opencv_description/__pycache__/opencv_match.cpython-310.pyc
/home/elessar/russ_ws/ws7/install/opencv_description/lib/python3.10/site-packages/opencv_description/__pycache__/opencv_test.cpython-310.pyc
/home/elessar/russ_ws/ws7/install/opencv_description/lib/python3.10/site-packages/opencv_description/__pycache__/joint_trajectory_test_1.cpython-310.pyc
/home/elessar/russ_ws/ws7/install/opencv_description/lib/python3.10/site-packages/opencv_description/__pycache__/__init__.cpython-310.pyc
/home/elessar/russ_ws/ws7/install/opencv_description/lib/python3.10/site-packages/opencv_description/__pycache__/ikine_test_2.cpython-310.pyc
/home/elessar/russ_ws/ws7/install/opencv_description/lib/python3.10/site-packages/opencv_description/__pycache__/ikine_test_1.cpython-310.pyc
/home/elessar/russ_ws/ws7/install/opencv_description/lib/python3.10/site-packages/opencv_description/__pycache__/opencv_calibration_test.cpython-310.pyc
/home/elessar/russ_ws/ws7/install/opencv_description/lib/python3.10/site-packages/opencv_description/__pycache__/pointcloud2_test.cpython-310.pyc
/home/elessar/russ_ws/ws7/install/opencv_description/share/ament_index/resource_index/packages/opencv_description
/home/elessar/russ_ws/ws7/install/opencv_description/share/opencv_description/package.xml
/home/elessar/russ_ws/ws7/install/opencv_description/lib/python3.10/site-packages/opencv_description-0.0.0-py3.10.egg-info/zip-safe
/home/elessar/russ_ws/ws7/install/opencv_description/lib/python3.10/site-packages/opencv_description-0.0.0-py3.10.egg-info/requires.txt
/home/elessar/russ_ws/ws7/install/opencv_description/lib/python3.10/site-packages/opencv_description-0.0.0-py3.10.egg-info/PKG-INFO
/home/elessar/russ_ws/ws7/install/opencv_description/lib/python3.10/site-packages/opencv_description-0.0.0-py3.10.egg-info/dependency_links.txt
/home/elessar/russ_ws/ws7/install/opencv_description/lib/python3.10/site-packages/opencv_description-0.0.0-py3.10.egg-info/top_level.txt
/home/elessar/russ_ws/ws7/install/opencv_description/lib/python3.10/site-packages/opencv_description-0.0.0-py3.10.egg-info/entry_points.txt
/home/elessar/russ_ws/ws7/install/opencv_description/lib/python3.10/site-packages/opencv_description-0.0.0-py3.10.egg-info/SOURCES.txt
/home/elessar/russ_ws/ws7/install/opencv_description/lib/opencv_description/ik_node
/home/elessar/russ_ws/ws7/install/opencv_description/lib/opencv_description/joint_trajectory_node
/home/elessar/russ_ws/ws7/install/opencv_description/lib/opencv_description/opencv_node
/home/elessar/russ_ws/ws7/install/opencv_description/lib/opencv_description/pointcloud_node
